<?xml version="1.0" encoding="UTF-8"?>
<testng-results ignored="0" total="1" passed="1" failed="0" skipped="0">
  <reporter-output>
  </reporter-output>
  <suite started-at="2020-10-21T21:46:13 IST" name="Default suite" finished-at="2020-10-21T21:47:40 IST" duration-ms="87065">
    <groups>
    </groups>
    <test started-at="2020-10-21T21:46:13 IST" name="Default test" finished-at="2020-10-21T21:47:40 IST" duration-ms="87065">
      <class name="com.hrm.testscripts.tc504">
        <test-method signature="login()[pri:0, instance:com.hrm.testscripts.tc504@7ff95560]" started-at="2020-10-21T21:46:13 IST" name="login" finished-at="2020-10-21T21:47:39 IST" duration-ms="86214" status="PASS">
          <reporter-output>
          </reporter-output>
        </test-method> <!-- login -->
      </class> <!-- com.hrm.testscripts.tc504 -->
    </test> <!-- Default test -->
  </suite> <!-- Default suite -->
</testng-results>
